0 info it worked if it ends with ok
1 verbose cli [ '/usr/bin/node', '/usr/bin/npm', 'run', 'prebuild' ]
2 info using npm@3.5.2
3 info using node@v8.10.0
4 verbose run-script [ 'prebuild' ]
5 info lifecycle JeffAbney@1.0.0~prebuild: JeffAbney@1.0.0
6 verbose lifecycle JeffAbney@1.0.0~prebuild: unsafe-perm in lifecycle true
7 verbose lifecycle JeffAbney@1.0.0~prebuild: PATH: /usr/share/npm/bin/node-gyp-bin:/home/jeff/git_workspace/JeffAbney/node_modules/.bin:/usr/local/sbin:/usr/local/bin:/usr/sbin:/usr/bin:/sbin:/bin:/usr/games:/usr/local/games:/snap/bin
8 verbose lifecycle JeffAbney@1.0.0~prebuild: CWD: /home/jeff/git_workspace/JeffAbney
9 silly lifecycle JeffAbney@1.0.0~prebuild: Args: [ '-c',
9 silly lifecycle   'webpack --mode production --config config/webpack.prod.config.js --env.PLATFORM=production --env.VERSION=stag --progress' ]
10 silly lifecycle JeffAbney@1.0.0~prebuild: Returned: code: 2  signal: null
11 info lifecycle JeffAbney@1.0.0~prebuild: Failed to exec prebuild script
12 verbose stack Error: JeffAbney@1.0.0 prebuild: `webpack --mode production --config config/webpack.prod.config.js --env.PLATFORM=production --env.VERSION=stag --progress`
12 verbose stack Exit status 2
12 verbose stack     at EventEmitter.<anonymous> (/usr/share/npm/lib/utils/lifecycle.js:232:16)
12 verbose stack     at emitTwo (events.js:126:13)
12 verbose stack     at EventEmitter.emit (events.js:214:7)
12 verbose stack     at ChildProcess.<anonymous> (/usr/share/npm/lib/utils/spawn.js:24:14)
12 verbose stack     at emitTwo (events.js:126:13)
12 verbose stack     at ChildProcess.emit (events.js:214:7)
12 verbose stack     at maybeClose (internal/child_process.js:925:16)
12 verbose stack     at Process.ChildProcess._handle.onexit (internal/child_process.js:209:5)
13 verbose pkgid JeffAbney@1.0.0
14 verbose cwd /home/jeff/git_workspace/JeffAbney
15 error Linux 4.15.0-39-generic
16 error argv "/usr/bin/node" "/usr/bin/npm" "run" "prebuild"
17 error node v8.10.0
18 error npm  v3.5.2
19 error code ELIFECYCLE
20 error JeffAbney@1.0.0 prebuild: `webpack --mode production --config config/webpack.prod.config.js --env.PLATFORM=production --env.VERSION=stag --progress`
20 error Exit status 2
21 error Failed at the JeffAbney@1.0.0 prebuild script 'webpack --mode production --config config/webpack.prod.config.js --env.PLATFORM=production --env.VERSION=stag --progress'.
21 error Make sure you have the latest version of node.js and npm installed.
21 error If you do, this is most likely a problem with the JeffAbney package,
21 error not with npm itself.
21 error Tell the author that this fails on your system:
21 error     webpack --mode production --config config/webpack.prod.config.js --env.PLATFORM=production --env.VERSION=stag --progress
21 error You can get information on how to open an issue for this project with:
21 error     npm bugs JeffAbney
21 error Or if that isn't available, you can get their info via:
21 error     npm owner ls JeffAbney
21 error There is likely additional logging output above.
22 verbose exit [ 1, true ]
